<?xml version="1.0" encoding="UTF-8"?>
<testsuites name="Mocha Tests" time="7.6980" tests="1084" failures="0" skipped="2">
  <testsuite name="Root Suite" timestamp="2021-11-25T09:16:21" tests="0" time="0.0000" failures="0">
  </testsuite>
  <testsuite name="angular-generation" timestamp="2021-11-25T09:16:21" tests="86" file="/Users/vladislavvolkov/Documents/work/github/devextreme-renovation/packages/tests/unit-tests/angular-generation.test.ts" time="2.0860" failures="0">
    <testcase name="angular-generation class" time="0.0560" classname="class">
    </testcase>
    <testcase name="angular-generation external-layout" time="0.0800" classname="external-layout">
    </testcase>
    <testcase name="angular-generation inner-layout" time="0.0250" classname="inner-layout">
    </testcase>
    <testcase name="angular-generation inner-component" time="0.0230" classname="inner-component">
    </testcase>
    <testcase name="angular-generation abstract-class" time="0.0100" classname="abstract-class">
    </testcase>
    <testcase name="angular-generation props" time="0.0590" classname="props">
    </testcase>
    <testcase name="angular-generation pick-props" time="0.0300" classname="pick-props">
    </testcase>
    <testcase name="angular-generation state" time="0.0520" classname="state">
    </testcase>
    <testcase name="angular-generation state-short-operator" time="0.0230" classname="state-short-operator">
    </testcase>
    <testcase name="angular-generation internal-state" time="0.0130" classname="internal-state">
    </testcase>
    <testcase name="angular-generation empty-component" time="0.0370" classname="empty-component">
    </testcase>
    <testcase name="angular-generation component-input" time="0.0260" classname="component-input">
    </testcase>
    <testcase name="angular-generation component-input-defaults" time="0.0630" classname="component-input-defaults">
    </testcase>
    <testcase name="angular-generation rest-styles" time="0.0250" classname="rest-styles">
    </testcase>
    <testcase name="angular-generation runtime-import" time="0.0030" classname="runtime-import">
    </testcase>
    <testcase name="angular-generation slots" time="0.0320" classname="slots">
    </testcase>
    <testcase name="angular-generation slot-pass-from-rest" time="0.0220" classname="slot-pass-from-rest">
    </testcase>
    <testcase name="angular-generation effect" time="0.0330" classname="effect">
    </testcase>
    <testcase name="angular-generation context" time="0.0270" classname="context">
    </testcase>
    <testcase name="angular-generation spread-attribute" time="0.0270" classname="spread-attribute">
    </testcase>
    <testcase name="angular-generation spread-attribute-without-ref" time="0.0130" classname="spread-attribute-without-ref">
    </testcase>
    <testcase name="angular-generation spread-attribute-with-custom-component" time="0.0200" classname="spread-attribute-with-custom-component">
    </testcase>
    <testcase name="angular-generation dx-inner-widget" time="0.0420" classname="dx-inner-widget">
    </testcase>
    <testcase name="angular-generation dx-widget-with-template" time="0.0250" classname="dx-widget-with-template">
    </testcase>
    <testcase name="angular-generation dx-widget-with-props" time="0.0170" classname="dx-widget-with-props">
    </testcase>
    <testcase name="angular-generation spread-props-attribute" time="0.0270" classname="spread-props-attribute">
    </testcase>
    <testcase name="angular-generation template" time="0.0570" classname="template">
    </testcase>
    <testcase name="angular-generation template-transit" time="0.0200" classname="template-transit">
    </testcase>
    <testcase name="angular-generation template-pass" time="0.0280" classname="template-pass">
    </testcase>
    <testcase name="angular-generation Throw error if ref is passed to template" time="0.0010" classname="Throw error if ref is passed to template">
    </testcase>
    <testcase name="angular-generation method" time="0.0160" classname="method">
    </testcase>
    <testcase name="angular-generation method-use-apiref" time="0.0210" classname="method-use-apiref">
    </testcase>
    <testcase name="angular-generation mutable-state" time="0.0220" classname="mutable-state">
    </testcase>
    <testcase name="angular-generation model-value-disabled" time="0.0200" classname="model-value-disabled">
    </testcase>
    <testcase name="angular-generation model" time="0.0170" classname="model">
    </testcase>
    <testcase name="angular-generation list" time="0.0360" classname="list">
    </testcase>
    <testcase name="angular-generation globals-in-template" time="0.0190" classname="globals-in-template">
    </testcase>
    <testcase name="angular-generation import-component" time="0.0160" classname="import-component">
    </testcase>
    <testcase name="angular-generation import-component-named" time="0.0140" classname="import-component-named">
    </testcase>
    <testcase name="angular-generation component-bindings-only" time="0.0050" classname="component-bindings-only">
    </testcase>
    <testcase name="angular-generation component-pass" time="0.0500" classname="component-pass">
    </testcase>
    <testcase name="angular-generation jsx-function-in-view" time="0.0190" classname="jsx-function-in-view">
    </testcase>
    <testcase name="angular-generation refs" time="0.0530" classname="refs">
    </testcase>
    <testcase name="angular-generation dx-widget-with-ref-prop" time="0.0100" classname="dx-widget-with-ref-prop">
    </testcase>
    <testcase name="angular-generation refs-as-props" time="0.0200" classname="refs-as-props">
    </testcase>
    <testcase name="angular-generation implements" time="0.0140" classname="implements">
    </testcase>
    <testcase name="angular-generation two-way-props" time="0.0130" classname="two-way-props">
    </testcase>
    <testcase name="angular-generation getter-with-complex-type" time="0.0210" classname="getter-with-complex-type">
    </testcase>
    <testcase name="angular-generation nested" time="0.0310" classname="nested">
    </testcase>
    <testcase name="angular-generation nested-props" time="0.0190" classname="nested-props">
    </testcase>
    <testcase name="angular-generation forward-ref-template" time="0.0270" classname="forward-ref-template">
    </testcase>
    <testcase name="angular-generation forward-ref-parent" time="0.0340" classname="forward-ref-parent">
    </testcase>
    <testcase name="angular-generation extra-elements" time="0.0160" classname="extra-elements">
    </testcase>
    <testcase name="angular-generation forward-ref-child" time="0.0190" classname="forward-ref-child">
    </testcase>
    <testcase name="angular-generation export-default" time="0.0120" classname="export-default">
    </testcase>
    <testcase name="angular-generation export-named" time="0.0090" classname="export-named">
    </testcase>
    <testcase name="angular-generation export-named-api-ref" time="0.0090" classname="export-named-api-ref">
    </testcase>
    <testcase name="angular-generation collision-tag-name-and-property" time="0.0120" classname="collision-tag-name-and-property">
    </testcase>
    <testcase name="angular-generation effects-with-iterable" time="0.0290" classname="effects-with-iterable">
    </testcase>
    <testcase name="angular-generation portal" time="0.0240" classname="portal">
    </testcase>
    <testcase name="angular-generation functions" time="0.0200" classname="functions">
    </testcase>
    <testcase name="angular-generation external-functions" time="0.0350" classname="external-functions">
    </testcase>
    <testcase name="angular-generation iterables-repeat" time="0.0200" classname="iterables-repeat">
    </testcase>
    <testcase name="angular-generation import-type" time="0.0140" classname="import-type">
    </testcase>
    <testcase name="angular-generation private" time="0.0110" classname="private">
    </testcase>
    <testcase name="angular-generation view-without-tag" time="0.0170" classname="view-without-tag">
    </testcase>
    <testcase name="angular-generation view-without-tag-arrow" time="0.0140" classname="view-without-tag-arrow">
    </testcase>
    <testcase name="angular-generation spread-in-view" time="0.0220" classname="spread-in-view">
    </testcase>
    <testcase name="angular-generation template-default-value" time="0.0300" classname="template-default-value">
    </testcase>
    <testcase name="angular-generation dynamic-component" time="0.0460" classname="dynamic-component">
    </testcase>
    <testcase name="angular-generation dynamic-components-array" time="0.0330" classname="dynamic-components-array">
    </testcase>
    <testcase name="angular-generation jsx-template-spread" time="0.0240" classname="jsx-template-spread">
    </testcase>
    <testcase name="angular-generation template-from-destructuring" time="0.0090" classname="template-from-destructuring">
    </testcase>
    <testcase name="angular-generation object-with-current" time="0.0130" classname="object-with-current">
    </testcase>
    <testcase name="angular-generation nested-default" time="0.0320" classname="nested-default">
    </testcase>
    <testcase name="angular-generation nested-default-props" time="0.0100" classname="nested-default-props">
    </testcase>
    <testcase name="angular-generation nested-pick" time="0.0100" classname="nested-pick">
    </testcase>
    <testcase name="angular-generation nested-props-and-component" time="0.0310" classname="nested-props-and-component">
    </testcase>
    <testcase name="angular-generation nested-inherited" time="0.0170" classname="nested-inherited">
    </testcase>
    <testcase name="angular-generation refs-as-attribute" time="0.0270" classname="refs-as-attribute">
    </testcase>
    <testcase name="angular-generation refs-as-attribute-helper" time="0.0130" classname="refs-as-attribute-helper">
    </testcase>
    <testcase name="angular-generation types" time="0.0140" classname="types">
    </testcase>
    <testcase name="angular-generation types-external" time="0.0140" classname="types-external">
    </testcase>
    <testcase name="angular-generation getters-is-memorized" time="0.0160" classname="getters-is-memorized">
    </testcase>
    <testcase name="angular-generation getters-ordering" time="0.0290" classname="getters-ordering">
    </testcase>
    <testcase name="angular-generation getters-destructuring" time="0.0220" classname="getters-destructuring">
    </testcase>
  </testsuite>
  <testsuite name="Default option rules" timestamp="2021-11-25T09:16:23" tests="3" file="/Users/vladislavvolkov/Documents/work/github/devextreme-renovation/packages/tests/unit-tests/angular-generation.test.ts" time="0.0310" failures="0">
    <testcase name="angular-generation Default option rules default-options-empty" time="0.0100" classname="default-options-empty">
    </testcase>
    <testcase name="angular-generation Default option rules required-props" time="0.0090" classname="required-props">
    </testcase>
    <testcase name="angular-generation Default option rules use-external-component-bindings" time="0.0120" classname="use-external-component-bindings">
    </testcase>
  </testsuite>
  <testsuite name="Angular generator" timestamp="2021-11-25T09:16:23" tests="0" file="/Users/vladislavvolkov/Documents/work/github/devextreme-renovation/packages/tests/unit-tests/angular-generator.test.ts" time="0.0000" failures="0">
  </testsuite>
  <testsuite name="JSX -&gt; AngularTemplate" timestamp="2021-11-25T09:16:23" tests="40" file="/Users/vladislavvolkov/Documents/work/github/devextreme-renovation/packages/tests/unit-tests/angular-generator.test.ts" time="0.0030" failures="0">
    <testcase name="Angular generator JSX -&gt; AngularTemplate Empty JsxOpeningElement" time="0.0000" classname="Empty JsxOpeningElement">
    </testcase>
    <testcase name="Angular generator JSX -&gt; AngularTemplate Empty JsxSelfClosingElement should have opening and closing tags" time="0.0000" classname="Empty JsxSelfClosingElement should have opening and closing tags">
    </testcase>
    <testcase name="Angular generator JSX -&gt; AngularTemplate collision-tag-name-and-property" time="0.0000" classname="collision-tag-name-and-property">
    </testcase>
    <testcase name="Angular generator JSX -&gt; AngularTemplate Void elements should be self-closing" time="0.0000" classname="Void elements should be self-closing">
    </testcase>
    <testcase name="Angular generator JSX -&gt; AngularTemplate JsxAttribute with expression - [attr]=&quot;value&quot;" time="0.0000" classname="JsxAttribute with expression - [attr]=&quot;value&quot;">
    </testcase>
    <testcase name="Angular generator JSX -&gt; AngularTemplate process title attribute - use empty string if value is undefined&quot;" time="0.0000" classname="process title attribute - use empty string if value is undefined&quot;">
    </testcase>
    <testcase name="Angular generator JSX -&gt; AngularTemplate do not process title attribute if it stringLiteral value&quot;" time="0.0000" classname="do not process title attribute if it stringLiteral value&quot;">
    </testcase>
    <testcase name="Angular generator JSX -&gt; AngularTemplate JsxAttribute with template expression - [attr]=&quot;string concatenation&quot;" time="0.0000" classname="JsxAttribute with template expression - [attr]=&quot;string concatenation&quot;">
    </testcase>
    <testcase name="Angular generator JSX -&gt; AngularTemplate JsxAttribute without initializer" time="0.0000" classname="JsxAttribute without initializer">
    </testcase>
    <testcase name="Angular generator JSX -&gt; AngularTemplate JsxAttribute with string literal expression - attr=&quot;value&quot;" time="0.0000" classname="JsxAttribute with string literal expression - attr=&quot;value&quot;">
    </testcase>
    <testcase name="Angular generator JSX -&gt; AngularTemplate JsxAttribute is JsxExpression with stringLiteral - attr=&quot;value&quot;" time="0.0000" classname="JsxAttribute is JsxExpression with stringLiteral - attr=&quot;value&quot;">
    </testcase>
    <testcase name="Angular generator JSX -&gt; AngularTemplate aria-label attribute binding - [attr.aria-label]&quot;" time="0.0000" classname="aria-label attribute binding - [attr.aria-label]&quot;">
    </testcase>
    <testcase name="Angular generator JSX -&gt; AngularTemplate aria-label attribute - aria-label&quot;" time="0.0000" classname="aria-label attribute - aria-label&quot;">
    </testcase>
    <testcase name="Angular generator JSX -&gt; AngularTemplate JsxSelfClosingElement with attributes" time="0.0010" classname="JsxSelfClosingElement with attributes">
    </testcase>
    <testcase name="Angular generator JSX -&gt; AngularTemplate JSX element with Opening and Close Elements" time="0.0000" classname="JSX element with Opening and Close Elements">
    </testcase>
    <testcase name="Angular generator JSX -&gt; AngularTemplate JsxElement: trim spaces in string children" time="0.0000" classname="JsxElement: trim spaces in string children">
    </testcase>
    <testcase name="Angular generator JSX -&gt; AngularTemplate Fragment should be ignored" time="0.0000" classname="Fragment should be ignored">
    </testcase>
    <testcase name="Angular generator JSX -&gt; AngularTemplate JSX element with with child element" time="0.0000" classname="JSX element with with child element">
    </testcase>
    <testcase name="Angular generator JSX -&gt; AngularTemplate Pass svg children into component" time="0.0000" classname="Pass svg children into component">
    </testcase>
    <testcase name="Angular generator JSX -&gt; AngularTemplate Pass not svg children into svg widget - throw exception" time="0.0010" classname="Pass not svg children into svg widget - throw exception">
    </testcase>
    <testcase name="Angular generator JSX -&gt; AngularTemplate JSX element with with child element that transformed from expression - no wrap it {{}}" time="0.0000" classname="JSX element with with child element that transformed from expression - no wrap it {{}}">
    </testcase>
    <testcase name="Angular generator JSX -&gt; AngularTemplate &lt;element&gt;{&quot;text&quot;}&lt;/element&gt; -&gt; &lt;element&gt;text&lt;/element&gt;" time="0.0000" classname="&lt;element&gt;{&quot;text&quot;}&lt;/element&gt; -&gt; &lt;element&gt;text&lt;/element&gt;">
    </testcase>
    <testcase name="Angular generator JSX -&gt; AngularTemplate Rename className attribute to class" time="0.0000" classname="Rename className attribute to class">
    </testcase>
    <testcase name="Angular generator JSX -&gt; AngularTemplate Rename style attribute to ngStyle" time="0.0000" classname="Rename style attribute to ngStyle">
    </testcase>
    <testcase name="Angular generator JSX -&gt; AngularTemplate notJsxExpr &amp;&amp; &lt;element&gt;&lt;/element&gt; -&gt; &lt;element *ngIf=&apos;notJsxExpr&apos;&gt;&lt;/element&gt;" time="0.0000" classname="notJsxExpr &amp;&amp; &lt;element&gt;&lt;/element&gt; -&gt; &lt;element *ngIf=&apos;notJsxExpr&apos;&gt;&lt;/element&gt;">
    </testcase>
    <testcase name="Angular generator JSX -&gt; AngularTemplate Binary operator in attribute" time="0.0000" classname="Binary operator in attribute">
    </testcase>
    <testcase name="Angular generator JSX -&gt; AngularTemplate not supported binary expression in JsxExpression - throw exception" time="0.0000" classname="not supported binary expression in JsxExpression - throw exception">
    </testcase>
    <testcase name="Angular generator JSX -&gt; AngularTemplate non jsx binary in element" time="0.0000" classname="non jsx binary in element">
    </testcase>
    <testcase name="Angular generator JSX -&gt; AngularTemplate notJsxExpr &amp;&amp; &lt;element/&gt; -&gt; &lt;element *ngIf=&apos;notJsxExpr&apos; /&gt;" time="0.0000" classname="notJsxExpr &amp;&amp; &lt;element/&gt; -&gt; &lt;element *ngIf=&apos;notJsxExpr&apos; /&gt;">
    </testcase>
    <testcase name="Angular generator JSX -&gt; AngularTemplate ngIf directive with string - replace quotes with backslash quotes" time="0.0000" classname="ngIf directive with string - replace quotes with backslash quotes">
    </testcase>
    <testcase name="Angular generator JSX -&gt; AngularTemplate condition?then:else - &lt;div ngIf=&apos;condition&apos;&gt; &lt;div ngIf=&apos;!(condition)&apos;" time="0.0000" classname="condition?then:else - &lt;div ngIf=&apos;condition&apos;&gt; &lt;div ngIf=&apos;!(condition)&apos;">
    </testcase>
    <testcase name="Angular generator JSX -&gt; AngularTemplate non jsx conditional - condition?then:else - {{then}} {{else}}&apos;" time="0.0000" classname="non jsx conditional - condition?then:else - {{then}} {{else}}&apos;">
    </testcase>
    <testcase name="Angular generator JSX -&gt; AngularTemplate conditional expression with paren" time="0.0000" classname="conditional expression with paren">
    </testcase>
    <testcase name="Angular generator JSX -&gt; AngularTemplate &lt;element&gt;nonJsxExpr&lt;/element&gt; -&gt; &lt;element&gt;{{nonJsxExpr}}&lt;/element&gt;" time="0.0000" classname="&lt;element&gt;nonJsxExpr&lt;/element&gt; -&gt; &lt;element&gt;{{nonJsxExpr}}&lt;/element&gt;">
    </testcase>
    <testcase name="Angular generator JSX -&gt; AngularTemplate render element from variable" time="0.0000" classname="render element from variable">
    </testcase>
    <testcase name="Angular generator JSX -&gt; AngularTemplate render element from variable in condition expression in parens" time="0.0000" classname="render element from variable in condition expression in parens">
    </testcase>
    <testcase name="Angular generator JSX -&gt; AngularTemplate render element from variable in condition" time="0.0010" classname="render element from variable in condition">
    </testcase>
    <testcase name="Angular generator JSX -&gt; AngularTemplate ref" time="0.0000" classname="ref">
    </testcase>
    <testcase name="Angular generator JSX -&gt; AngularTemplate ref with component context" time="0.0000" classname="ref with component context">
    </testcase>
    <testcase name="Angular generator JSX -&gt; AngularTemplate ref with component context" time="0.0000" classname="ref with component context">
    </testcase>
  </testsuite>
  <testsuite name="JsxAttribute SVG with svg" timestamp="2021-11-25T09:16:23" tests="5" file="/Users/vladislavvolkov/Documents/work/github/devextreme-renovation/packages/tests/unit-tests/angular-generator.test.ts" time="0.0010" failures="0">
    <testcase name="Angular generator JSX -&gt; AngularTemplate JsxAttribute SVG with svg name -&gt; [attr.name]" time="0.0000" classname="name -&gt; [attr.name]">
    </testcase>
    <testcase name="Angular generator JSX -&gt; AngularTemplate JsxAttribute SVG with svg className-&gt;attr.class" time="0.0000" classname="className-&gt;attr.class">
    </testcase>
    <testcase name="Angular generator JSX -&gt; AngularTemplate JsxAttribute SVG with svg camelCase -&gt; camel-case" time="0.0000" classname="camelCase -&gt; camel-case">
    </testcase>
    <testcase name="Angular generator JSX -&gt; AngularTemplate JsxAttribute SVG with svg Do not use attr.binding for string literal value" time="0.0000" classname="Do not use attr.binding for string literal value">
    </testcase>
    <testcase name="Angular generator JSX -&gt; AngularTemplate JsxAttribute SVG with svg do not dasherize not-kebab-case attribute" time="0.0010" classname="do not dasherize not-kebab-case attribute">
    </testcase>
  </testsuite>
  <testsuite name="Dynamic components" timestamp="2021-11-25T09:16:23" tests="9" file="/Users/vladislavvolkov/Documents/work/github/devextreme-renovation/packages/tests/unit-tests/angular-generator.test.ts" time="0.0020" failures="0">
    <testcase name="Angular generator JSX -&gt; AngularTemplate Dynamic components &lt;DynamicComponent /&gt; -&gt; &lt;ng-template dynamicComponent&gt;" time="0.0000" classname="&lt;DynamicComponent /&gt; -&gt; &lt;ng-template dynamicComponent&gt;">
    </testcase>
    <testcase name="Angular generator JSX -&gt; AngularTemplate Dynamic components &lt;DynamicComponent [props]=&apos;value&apos;/&gt;" time="0.0000" classname="&lt;DynamicComponent [props]=&apos;value&apos;/&gt;">
    </testcase>
    <testcase name="Angular generator JSX -&gt; AngularTemplate Dynamic components &lt;DynamicComponent with spreadProps/&gt;" time="0.0000" classname="&lt;DynamicComponent with spreadProps/&gt;">
    </testcase>
    <testcase name="Angular generator JSX -&gt; AngularTemplate Dynamic components &lt;DynamicComponent&gt;&lt;/DynamicComponent&gt; -&gt; &lt;ng-template dynamicComponent&gt;" time="0.0000" classname="&lt;DynamicComponent&gt;&lt;/DynamicComponent&gt; -&gt; &lt;ng-template dynamicComponent&gt;">
    </testcase>
    <testcase name="Angular generator JSX -&gt; AngularTemplate Dynamic components &lt;DynamicComponent template={()=&gt;&lt;div/&gt;}/&gt; -&gt; &lt;component&gt;&lt;template&gt;&lt;/component&gt;" time="0.0000" classname="&lt;DynamicComponent template={()=&gt;&lt;div/&gt;}/&gt; -&gt; &lt;component&gt;&lt;template&gt;&lt;/component&gt;">
    </testcase>
    <testcase name="Angular generator JSX -&gt; AngularTemplate Dynamic components can&apos;t parse template" time="0.0010" classname="can&apos;t parse template">
    </testcase>
    <testcase name="Angular generator JSX -&gt; AngularTemplate Dynamic components &lt;DynamicComponent template={()=&gt;&lt;div/&gt;}&gt;&lt;/DynamicComponent&gt; -&gt; &lt;component&gt;&lt;template&gt;&lt;/component&gt;" time="0.0000" classname="&lt;DynamicComponent template={()=&gt;&lt;div/&gt;}&gt;&lt;/DynamicComponent&gt; -&gt; &lt;component&gt;&lt;template&gt;&lt;/component&gt;">
    </testcase>
    <testcase name="Angular generator JSX -&gt; AngularTemplate Dynamic components condition &amp;&amp; &lt;DynamicComponent /&gt; -&gt; &lt;ng-template *ngIf dynamicComponent&gt;" time="0.0000" classname="condition &amp;&amp; &lt;DynamicComponent /&gt; -&gt; &lt;ng-template *ngIf dynamicComponent&gt;">
    </testcase>
    <testcase name="Angular generator JSX -&gt; AngularTemplate Dynamic components map &lt;DynamicComponent /&gt;" time="0.0010" classname="map &lt;DynamicComponent /&gt;">
    </testcase>
  </testsuite>
  <testsuite name="Component" timestamp="2021-11-25T09:16:23" tests="4" file="/Users/vladislavvolkov/Documents/work/github/devextreme-renovation/packages/tests/unit-tests/angular-generator.test.ts" time="0.0010" failures="0">
    <testcase name="Angular generator JSX -&gt; AngularTemplate Component Render himself" time="0.0000" classname="Render himself">
    </testcase>
    <testcase name="Angular generator JSX -&gt; AngularTemplate Component &lt;SVGComponent/&gt;" time="0.0010" classname="&lt;SVGComponent/&gt;">
    </testcase>
    <testcase name="Angular generator JSX -&gt; AngularTemplate Component render svg component with children inside html component" time="0.0000" classname="render svg component with children inside html component">
    </testcase>
    <testcase name="Angular generator JSX -&gt; AngularTemplate Component &lt;SVG Component&gt;&lt;/SVGComponent&gt;" time="0.0000" classname="&lt;SVG Component&gt;&lt;/SVGComponent&gt;">
    </testcase>
  </testsuite>
  <testsuite name="Slots with conditional rendering" timestamp="2021-11-25T09:16:23" tests="1" file="/Users/vladislavvolkov/Documents/work/github/devextreme-renovation/packages/tests/unit-tests/angular-generator.test.ts" time="0.0000" failures="0">
    <testcase name="Angular generator JSX -&gt; AngularTemplate Slots with conditional rendering slot? slot: alternative content" time="0.0000" classname="slot? slot: alternative content">
    </testcase>
  </testsuite>
  <testsuite name="Spread Attributes on html element" timestamp="2021-11-25T09:16:23" tests="4" file="/Users/vladislavvolkov/Documents/work/github/devextreme-renovation/packages/tests/unit-tests/angular-generator.test.ts" time="0.0000" failures="0">
    <testcase name="Angular generator JSX -&gt; AngularTemplate Spread Attributes on html element should not be in element" time="0.0000" classname="should not be in element">
    </testcase>
    <testcase name="Angular generator JSX -&gt; AngularTemplate Spread Attributes on html element element with spread attribute should not generate ref attribute if it have one" time="0.0000" classname="element with spread attribute should not generate ref attribute if it have one">
    </testcase>
    <testcase name="Angular generator JSX -&gt; AngularTemplate Spread Attributes on html element element with spread attribute should generate unique ref attribute if it have no one" time="0.0000" classname="element with spread attribute should generate unique ref attribute if it have no one">
    </testcase>
    <testcase name="Angular generator JSX -&gt; AngularTemplate Spread Attributes on html element getJsxAttributes should collect attributes from all tree" time="0.0000" classname="getJsxAttributes should collect attributes from all tree">
    </testcase>
  </testsuite>
  <testsuite name="Spread attribute on component" timestamp="2021-11-25T09:16:23" tests="7" file="/Users/vladislavvolkov/Documents/work/github/devextreme-renovation/packages/tests/unit-tests/angular-generator.test.ts" time="0.0020" failures="0">
    <testcase name="Angular generator JSX -&gt; AngularTemplate Spread attribute on component ...props - pick only props those exist in widget" time="0.0000" classname="...props - pick only props those exist in widget">
    </testcase>
    <testcase name="Angular generator JSX -&gt; AngularTemplate Spread attribute on component ...props, method - pick method" time="0.0010" classname="...props, method - pick method">
    </testcase>
    <testcase name="Angular generator JSX -&gt; AngularTemplate Spread attribute on component method, ...props - pick method if props is not exist" time="0.0000" classname="method, ...props - pick method if props is not exist">
    </testcase>
    <testcase name="Angular generator JSX -&gt; AngularTemplate Spread attribute on component getter, ...props - pick getter, prop" time="0.0010" classname="getter, ...props - pick getter, prop">
    </testcase>
    <testcase name="Angular generator JSX -&gt; AngularTemplate Spread attribute on component ...props, getter - pick props,getter" time="0.0000" classname="...props, getter - pick props,getter">
    </testcase>
    <testcase name="Angular generator JSX -&gt; AngularTemplate Spread attribute on component ...{...props, ...restAttributes} - pick props" time="0.0000" classname="...{...props, ...restAttributes} - pick props">
    </testcase>
    <testcase name="Angular generator JSX -&gt; AngularTemplate Spread attribute on component ...{x: x, y}" time="0.0000" classname="...{x: x, y}">
    </testcase>
  </testsuite>
  <testsuite name="hasStyle" timestamp="2021-11-25T09:16:23" tests="4" file="/Users/vladislavvolkov/Documents/work/github/devextreme-renovation/packages/tests/unit-tests/angular-generator.test.ts" time="0.0000" failures="0">
    <testcase name="Angular generator JSX -&gt; AngularTemplate hasStyle false if there is not any style attribute" time="0.0000" classname="false if there is not any style attribute">
    </testcase>
    <testcase name="Angular generator JSX -&gt; AngularTemplate hasStyle true if there is a style attribute" time="0.0000" classname="true if there is a style attribute">
    </testcase>
    <testcase name="Angular generator JSX -&gt; AngularTemplate hasStyle true if there is a style attribute in the child element" time="0.0000" classname="true if there is a style attribute in the child element">
    </testcase>
    <testcase name="Angular generator JSX -&gt; AngularTemplate hasStyle true if there is a style attribute in the child self-closing element" time="0.0000" classname="true if there is a style attribute in the child self-closing element">
    </testcase>
  </testsuite>
  <testsuite name="slots" timestamp="2021-11-25T09:16:23" tests="4" file="/Users/vladislavvolkov/Documents/work/github/devextreme-renovation/packages/tests/unit-tests/angular-generator.test.ts" time="0.0000" failures="0">
    <testcase name="Angular generator JSX -&gt; AngularTemplate slots named slot" time="0.0000" classname="named slot">
    </testcase>
    <testcase name="Angular generator JSX -&gt; AngularTemplate slots named slot with empty context" time="0.0000" classname="named slot with empty context">
    </testcase>
    <testcase name="Angular generator JSX -&gt; AngularTemplate slots children slot" time="0.0000" classname="children slot">
    </testcase>
    <testcase name="Angular generator JSX -&gt; AngularTemplate slots slot in svg component" time="0.0000" classname="slot in svg component">
    </testcase>
  </testsuite>
  <testsuite name="Import widget." timestamp="2021-11-25T09:16:23" tests="7" file="/Users/vladislavvolkov/Documents/work/github/devextreme-renovation/packages/tests/unit-tests/angular-generator.test.ts" time="0.0030" failures="0">
    <testcase name="Angular generator JSX -&gt; AngularTemplate slots Import widget. &lt;Widget&gt;&lt;/Widget&gt; -&gt; &lt;dx-widget&gt;&lt;/dx-widget&gt;" time="0.0000" classname="&lt;Widget&gt;&lt;/Widget&gt; -&gt; &lt;dx-widget&gt;&lt;/dx-widget&gt;">
    </testcase>
    <testcase name="Angular generator JSX -&gt; AngularTemplate slots Import widget. &lt;Widget/&gt; -&gt; &lt;dx-widget&gt;&lt;/dx-widget&gt;" time="0.0000" classname="&lt;Widget/&gt; -&gt; &lt;dx-widget&gt;&lt;/dx-widget&gt;">
    </testcase>
    <testcase name="Angular generator JSX -&gt; AngularTemplate slots Import widget. import component statement should have import module" time="0.0010" classname="import component statement should have import module">
    </testcase>
    <testcase name="Angular generator JSX -&gt; AngularTemplate slots Import widget. import named exported component statement should have import module" time="0.0010" classname="import named exported component statement should have import module">
    </testcase>
    <testcase name="Angular generator JSX -&gt; AngularTemplate slots Import widget. Event attribute should be wrapped in paren" time="0.0000" classname="Event attribute should be wrapped in paren">
    </testcase>
    <testcase name="Angular generator JSX -&gt; AngularTemplate slots Import widget. className should not be renamed to class" time="0.0010" classname="className should not be renamed to class">
    </testcase>
    <testcase name="Angular generator JSX -&gt; AngularTemplate slots Import widget. className should be renamed to class in children" time="0.0000" classname="className should be renamed to class in children">
    </testcase>
  </testsuite>
  <testsuite name="Pass slots via attribute" timestamp="2021-11-25T09:16:23" tests="4" file="/Users/vladislavvolkov/Documents/work/github/devextreme-renovation/packages/tests/unit-tests/angular-generator.test.ts" time="0.0020" failures="0">
    <testcase name="Angular generator JSX -&gt; AngularTemplate slots Import widget. Pass slots via attribute Self-closing element" time="0.0010" classname="Self-closing element">
    </testcase>
    <testcase name="Angular generator JSX -&gt; AngularTemplate slots Import widget. Pass slots via attribute Self-closing element with two slots" time="0.0000" classname="Self-closing element with two slots">
    </testcase>
    <testcase name="Angular generator JSX -&gt; AngularTemplate slots Import widget. Pass slots via attribute spread props with slot" time="0.0010" classname="spread props with slot">
    </testcase>
    <testcase name="Angular generator JSX -&gt; AngularTemplate slots Import widget. Pass slots via attribute element with closing tag" time="0.0000" classname="element with closing tag">
    </testcase>
  </testsuite>
  <testsuite name="template" timestamp="2021-11-25T09:16:23" tests="7" file="/Users/vladislavvolkov/Documents/work/github/devextreme-renovation/packages/tests/unit-tests/angular-generator.test.ts" time="0.0030" failures="0">
    <testcase name="Angular generator JSX -&gt; AngularTemplate template &lt;template/&gt; -&gt; &lt;ng-container&gt;" time="0.0000" classname="&lt;template/&gt; -&gt; &lt;ng-container&gt;">
    </testcase>
    <testcase name="Angular generator JSX -&gt; AngularTemplate template &lt;template&gt;&lt;template -&gt; &lt;ng-container&gt;&lt;/ng-container&gt;" time="0.0000" classname="&lt;template&gt;&lt;template -&gt; &lt;ng-container&gt;&lt;/ng-container&gt;">
    </testcase>
    <testcase name="Angular generator JSX -&gt; AngularTemplate template template attributes -&gt; template context" time="0.0010" classname="template attributes -&gt; template context">
    </testcase>
    <testcase name="Angular generator JSX -&gt; AngularTemplate template template attributes -&gt; template context. bind method to this" time="0.0000" classname="template attributes -&gt; template context. bind method to this">
    </testcase>
    <testcase name="Angular generator JSX -&gt; AngularTemplate template template attributes -&gt; template context. Do not bind GetAccessor to this" time="0.0010" classname="template attributes -&gt; template context. Do not bind GetAccessor to this">
    </testcase>
    <testcase name="Angular generator JSX -&gt; AngularTemplate template render template with condition *ngIf" time="0.0000" classname="render template with condition *ngIf">
    </testcase>
    <testcase name="Angular generator JSX -&gt; AngularTemplate template render slot if template is not exist" time="0.0010" classname="render slot if template is not exist">
    </testcase>
  </testsuite>
  <testsuite name="Template with spread attribute -&gt; template context" timestamp="2021-11-25T09:16:23" tests="6" file="/Users/vladislavvolkov/Documents/work/github/devextreme-renovation/packages/tests/unit-tests/angular-generator.test.ts" time="0.0020" failures="0">
    <testcase name="Angular generator JSX -&gt; AngularTemplate template Template with spread attribute -&gt; template context template jsx spread attributes" time="0.0000" classname="template jsx spread attributes">
    </testcase>
    <testcase name="Angular generator JSX -&gt; AngularTemplate template Template with spread attribute -&gt; template context ...getter" time="0.0010" classname="...getter">
    </testcase>
    <testcase name="Angular generator JSX -&gt; AngularTemplate template Template with spread attribute -&gt; template context ...getter as type" time="0.0000" classname="...getter as type">
    </testcase>
    <testcase name="Angular generator JSX -&gt; AngularTemplate template Template with spread attribute -&gt; template context ...{x, y}" time="0.0010" classname="...{x, y}">
    </testcase>
    <testcase name="Angular generator JSX -&gt; AngularTemplate template Template with spread attribute -&gt; template context ...{x, y, ...getter}" time="0.0000" classname="...{x, y, ...getter}">
    </testcase>
    <testcase name="Angular generator JSX -&gt; AngularTemplate template Template with spread attribute -&gt; template context ...{x, y, ...restAttributes}" time="0.0000" classname="...{x, y, ...restAttributes}">
    </testcase>
  </testsuite>
  <testsuite name="function-&gt;ng-template" timestamp="2021-11-25T09:16:23" tests="4" file="/Users/vladislavvolkov/Documents/work/github/devextreme-renovation/packages/tests/unit-tests/angular-generator.test.ts" time="0.0010" failures="0">
    <testcase name="Angular generator JSX -&gt; AngularTemplate template function-&gt;ng-template w/o parameter" time="0.0000" classname="w/o parameter">
    </testcase>
    <testcase name="Angular generator JSX -&gt; AngularTemplate template function-&gt;ng-template binding pattern parameter" time="0.0000" classname="binding pattern parameter">
    </testcase>
    <testcase name="Angular generator JSX -&gt; AngularTemplate template function-&gt;ng-template parameter with literal type node" time="0.0010" classname="parameter with literal type node">
    </testcase>
    <testcase name="Angular generator JSX -&gt; AngularTemplate template function-&gt;ng-template can&apos;t parse parameter without type" time="0.0000" classname="can&apos;t parse parameter without type">
    </testcase>
  </testsuite>
  <testsuite name="Parse Map function" timestamp="2021-11-25T09:16:23" tests="12" file="/Users/vladislavvolkov/Documents/work/github/devextreme-renovation/packages/tests/unit-tests/angular-generator.test.ts" time="0.0040" failures="0">
    <testcase name="Angular generator JSX -&gt; AngularTemplate Parse Map function .map((item)=&gt;&lt;div&gt;) -&gt; *ngFor" time="0.0000" classname=".map((item)=&gt;&lt;div&gt;) -&gt; *ngFor">
    </testcase>
    <testcase name="Angular generator JSX -&gt; AngularTemplate Parse Map function .map((item)=&gt;item) -&gt; *ngFor" time="0.0000" classname=".map((item)=&gt;item) -&gt; *ngFor">
    </testcase>
    <testcase name="Angular generator JSX -&gt; AngularTemplate Parse Map function .map((item, index)=&gt;&lt;div&gt;) -&gt; *ngFor" time="0.0000" classname=".map((item, index)=&gt;&lt;div&gt;) -&gt; *ngFor">
    </testcase>
    <testcase name="Angular generator JSX -&gt; AngularTemplate Parse Map function key attribute should be ignored" time="0.0000" classname="key attribute should be ignored">
    </testcase>
    <testcase name="Angular generator JSX -&gt; AngularTemplate Parse Map function map with key attribute should generate trackBy function" time="0.0010" classname="map with key attribute should generate trackBy function">
    </testcase>
    <testcase name="Angular generator JSX -&gt; AngularTemplate Parse Map function generate trackByName from complex expression" time="0.0010" classname="generate trackByName from complex expression">
    </testcase>
    <testcase name="Angular generator JSX -&gt; AngularTemplate Parse Map function map - can use prop in key" time="0.0000" classname="map - can use prop in key">
    </testcase>
    <testcase name="Angular generator JSX -&gt; AngularTemplate Parse Map function map inside an other map" time="0.0010" classname="map inside an other map">
    </testcase>
    <testcase name="Angular generator JSX -&gt; AngularTemplate Parse Map function m.map(a=&gt;a.map()=&gt;&lt;div&gt;)" time="0.0010" classname="m.map(a=&gt;a.map()=&gt;&lt;div&gt;)">
    </testcase>
    <testcase name="Angular generator JSX -&gt; AngularTemplate Parse Map function map with conditional rendering" time="0.0000" classname="map with conditional rendering">
    </testcase>
    <testcase name="Angular generator JSX -&gt; AngularTemplate Parse Map function Not function in the map" time="0.0000" classname="Not function in the map">
    </testcase>
    <testcase name="Angular generator JSX -&gt; AngularTemplate Parse Map function Parse map with destruction" time="0.0000" classname="Parse map with destruction">
    </testcase>
  </testsuite>
  <testsuite name="View Function" timestamp="2021-11-25T09:16:23" tests="18" file="/Users/vladislavvolkov/Documents/work/github/devextreme-renovation/packages/tests/unit-tests/angular-generator.test.ts" time="0.0010" failures="0">
    <testcase name="Angular generator JSX -&gt; AngularTemplate View Function Function that returns JSX can be converted to template" time="0.0000" classname="Function that returns JSX can be converted to template">
    </testcase>
    <testcase name="Angular generator JSX -&gt; AngularTemplate View Function Function without return statement" time="0.0000" classname="Function without return statement">
    </testcase>
    <testcase name="Angular generator JSX -&gt; AngularTemplate View Function Rename viewModel identifier" time="0.0010" classname="Rename viewModel identifier">
    </testcase>
    <testcase name="Angular generator JSX -&gt; AngularTemplate View Function Function without JSX is generated" time="0.0000" classname="Function without JSX is generated">
    </testcase>
    <testcase name="Angular generator JSX -&gt; AngularTemplate View Function Arrow function JSX can be converted to template" time="0.0000" classname="Arrow function JSX can be converted to template">
    </testcase>
    <testcase name="Angular generator JSX -&gt; AngularTemplate View Function template generation if jsx is wrapped into paren" time="0.0000" classname="template generation if jsx is wrapped into paren">
    </testcase>
    <testcase name="Angular generator JSX -&gt; AngularTemplate View Function Arrow function without JSX behaves as usual function" time="0.0000" classname="Arrow function without JSX behaves as usual function">
    </testcase>
    <testcase name="Angular generator JSX -&gt; AngularTemplate View Function Add arrow function in context" time="0.0000" classname="Add arrow function in context">
    </testcase>
    <testcase name="Angular generator JSX -&gt; AngularTemplate View Function Declaration list with jsx and noJsx - skip only jsx variables" time="0.0000" classname="Declaration list with jsx and noJsx - skip only jsx variables">
    </testcase>
    <testcase name="Angular generator JSX -&gt; AngularTemplate View Function Can use variables in view function" time="0.0000" classname="Can use variables in view function">
    </testcase>
    <testcase name="Angular generator JSX -&gt; AngularTemplate View Function Skip type casting in view" time="0.0000" classname="Skip type casting in view">
    </testcase>
    <testcase name="Angular generator JSX -&gt; AngularTemplate View Function Can decomposite component" time="0.0000" classname="Can decomposite component">
    </testcase>
    <testcase name="Angular generator JSX -&gt; AngularTemplate View Function Can decomposite component - props" time="0.0000" classname="Can decomposite component - props">
    </testcase>
    <testcase name="Angular generator JSX -&gt; AngularTemplate View Function Can use jsx variables in view function" time="0.0000" classname="Can use jsx variables in view function">
    </testcase>
    <testcase name="Angular generator JSX -&gt; AngularTemplate View Function Can use jsx variable twice" time="0.0000" classname="Can use jsx variable twice">
    </testcase>
    <testcase name="Angular generator JSX -&gt; AngularTemplate View Function Can use jsx variable with condition" time="0.0000" classname="Can use jsx variable with condition">
    </testcase>
    <testcase name="Angular generator JSX -&gt; AngularTemplate View Function Can store map in variable" time="0.0000" classname="Can store map in variable">
    </testcase>
    <testcase name="Angular generator JSX -&gt; AngularTemplate View Function Convert to template function with ternary operator" time="0.0000" classname="Convert to template function with ternary operator">
    </testcase>
  </testsuite>
  <testsuite name="Decorators" timestamp="2021-11-25T09:16:23" tests="7" file="/Users/vladislavvolkov/Documents/work/github/devextreme-renovation/packages/tests/unit-tests/angular-generator.test.ts" time="0.0000" failures="0">
    <testcase name="Angular generator Decorators OneWay -&gt; Input" time="0.0000" classname="OneWay -&gt; Input">
    </testcase>
    <testcase name="Angular generator Decorators TwoWay -&gt; Output" time="0.0000" classname="TwoWay -&gt; Output">
    </testcase>
    <testcase name="Angular generator Decorators Event -&gt; Output" time="0.0000" classname="Event -&gt; Output">
    </testcase>
    <testcase name="Angular generator Decorators Template -&gt; Input" time="0.0000" classname="Template -&gt; Input">
    </testcase>
    <testcase name="Angular generator Decorators Effect -&gt; &apos;&apos;" time="0.0000" classname="Effect -&gt; &apos;&apos;">
    </testcase>
    <testcase name="Angular generator Decorators Ref -&gt; &apos;&apos;" time="0.0000" classname="Ref -&gt; &apos;&apos;">
    </testcase>
    <testcase name="Angular generator Decorators InternalState -&gt; &apos;&apos;" time="0.0000" classname="InternalState -&gt; &apos;&apos;">
    </testcase>
  </testsuite>
  <testsuite name="Component" timestamp="2021-11-25T09:16:23" tests="4" file="/Users/vladislavvolkov/Documents/work/github/devextreme-renovation/packages/tests/unit-tests/angular-generator.test.ts" time="0.0010" failures="0">
    <testcase name="Angular generator Decorators Component Replace viewFunction with template" time="0.0000" classname="Replace viewFunction with template">
    </testcase>
    <testcase name="Angular generator Decorators Component Add templates for variable with element" time="0.0000" classname="Add templates for variable with element">
    </testcase>
    <testcase name="Angular generator Decorators Component Add templates for variable with element in paren" time="0.0000" classname="Add templates for variable with element in paren">
    </testcase>
    <testcase name="Angular generator Decorators Component should remove all declaration parameters" time="0.0010" classname="should remove all declaration parameters">
    </testcase>
  </testsuite>
  <testsuite name="CompileSpreadAttributes" timestamp="2021-11-25T09:16:23" tests="4" file="/Users/vladislavvolkov/Documents/work/github/devextreme-renovation/packages/tests/unit-tests/angular-generator.test.ts" time="0.0020" failures="0">
    <testcase name="Angular generator Decorators Component CompileSpreadAttributes ...prop" time="0.0010" classname="...prop">
    </testcase>
    <testcase name="Angular generator Decorators Component CompileSpreadAttributes ...getter" time="0.0000" classname="...getter">
    </testcase>
    <testcase name="Angular generator Decorators Component CompileSpreadAttributes ...method" time="0.0000" classname="...method">
    </testcase>
    <testcase name="Angular generator Decorators Component CompileSpreadAttributes ...internalState" time="0.0010" classname="...internalState">
    </testcase>
  </testsuite>
  <testsuite name="ComponentBindings" timestamp="2021-11-25T09:16:23" tests="14" file="/Users/vladislavvolkov/Documents/work/github/devextreme-renovation/packages/tests/unit-tests/angular-generator.test.ts" time="0.0050" failures="0">
    <testcase name="Angular generator ComponentBindings Generate componentBindings as a class" time="0.0010" classname="Generate componentBindings as a class">
    </testcase>
    <testcase name="Angular generator ComponentBindings Do not include inherited props" time="0.0000" classname="Do not include inherited props">
    </testcase>
    <testcase name="Angular generator ComponentBindings Ref Prop generates ViewChild" time="0.0000" classname="Ref Prop generates ViewChild">
    </testcase>
    <testcase name="Angular generator ComponentBindings Ref Prop getter type is not element" time="0.0000" classname="Ref Prop getter type is not element">
    </testcase>
    <testcase name="Angular generator ComponentBindings Template property with exclamation token should ignore token" time="0.0000" classname="Template property with exclamation token should ignore token">
    </testcase>
    <testcase name="Angular generator ComponentBindings Event Prop generates Event EventEmitter" time="0.0010" classname="Event Prop generates Event EventEmitter">
    </testcase>
    <testcase name="Angular generator ComponentBindings Event Prop with type FunctionNodeType" time="0.0010" classname="Event Prop with type FunctionNodeType">
    </testcase>
    <testcase name="Angular generator ComponentBindings Event Prop with type FunctionNodeType without parameters" time="0.0000" classname="Event Prop with type FunctionNodeType without parameters">
    </testcase>
    <testcase name="Angular generator ComponentBindings Generate change for TwoWay prop with type" time="0.0010" classname="Generate change for TwoWay prop with type">
    </testcase>
    <testcase name="Angular generator ComponentBindings TwoWay without type" time="0.0000" classname="TwoWay without type">
    </testcase>
    <testcase name="Angular generator ComponentBindings TwoWay without type and initializer" time="0.0000" classname="TwoWay without type and initializer">
    </testcase>
    <testcase name="Angular generator ComponentBindings @Slot prop should generate getter" time="0.0000" classname="@Slot prop should generate getter">
    </testcase>
    <testcase name="Angular generator ComponentBindings @Template prop without type" time="0.0010" classname="@Template prop without type">
    </testcase>
    <testcase name="Angular generator ComponentBindings get prop with same name in get accessor" time="0.0000" classname="get prop with same name in get accessor">
    </testcase>
  </testsuite>
  <testsuite name="Angular Component" timestamp="2021-11-25T09:16:23" tests="3" file="/Users/vladislavvolkov/Documents/work/github/devextreme-renovation/packages/tests/unit-tests/angular-generator.test.ts" time="0.0030" failures="0">
    <testcase name="Angular generator Angular Component Calculate Selector" time="0.0010" classname="Calculate Selector">
    </testcase>
    <testcase name="Angular generator Angular Component generate component skeleton" time="0.0010" classname="generate component skeleton">
    </testcase>
    <testcase name="Angular generator Angular Component generate component skeleton with extends of Component Bindings" time="0.0010" classname="generate component skeleton with extends of Component Bindings">
    </testcase>
  </testsuite>
  <testsuite name="Imports" timestamp="2021-11-25T09:16:23" tests="7" file="/Users/vladislavvolkov/Documents/work/github/devextreme-renovation/packages/tests/unit-tests/angular-generator.test.ts" time="0.0030" failures="0">
    <testcase name="Angular generator Angular Component Imports Empty component" time="0.0010" classname="Empty component">
    </testcase>
    <testcase name="Angular generator Angular Component Imports Has OneWay property - Input" time="0.0000" classname="Has OneWay property - Input">
    </testcase>
    <testcase name="Angular generator Angular Component Imports Has Template property - Input, TemplateRef" time="0.0010" classname="Has Template property - Input, TemplateRef">
    </testcase>
    <testcase name="Angular generator Angular Component Imports Has TwoWay property - Input, Output, EventEmitter" time="0.0000" classname="Has TwoWay property - Input, Output, EventEmitter">
    </testcase>
    <testcase name="Angular generator Angular Component Imports Import should not have duplicates" time="0.0010" classname="Import should not have duplicates">
    </testcase>
    <testcase name="Angular generator Angular Component Imports Has Event property - Output, EventEmitter" time="0.0000" classname="Has Event property - Output, EventEmitter">
    </testcase>
    <testcase name="Angular generator Angular Component Imports Has Ref property - ViewChild, ElementRef" time="0.0000" classname="Has Ref property - ViewChild, ElementRef">
    </testcase>
  </testsuite>
  <testsuite name="Add setAccessor for InternalState" timestamp="2021-11-25T09:16:23" tests="5" file="/Users/vladislavvolkov/Documents/work/github/devextreme-renovation/packages/tests/unit-tests/angular-generator.test.ts" time="0.0030" failures="0">
    <testcase name="Angular generator Angular Component Add setAccessor for InternalState InternalState without token and type" time="0.0010" classname="InternalState without token and type">
    </testcase>
    <testcase name="Angular generator Angular Component Add setAccessor for InternalState InternalState with question token and type" time="0.0000" classname="InternalState with question token and type">
    </testcase>
    <testcase name="Angular generator Angular Component Add setAccessor for InternalState InternalState without question token and type" time="0.0010" classname="InternalState without question token and type">
    </testcase>
    <testcase name="Angular generator Angular Component Add setAccessor for InternalState InternalState with question token and any type" time="0.0000" classname="InternalState with question token and any type">
    </testcase>
    <testcase name="Angular generator Angular Component Add setAccessor for InternalState InternalState with exclamation token" time="0.0010" classname="InternalState with exclamation token">
    </testcase>
  </testsuite>
  <testsuite name="Default options" timestamp="2021-11-25T09:16:23" tests="3" file="/Users/vladislavvolkov/Documents/work/github/devextreme-renovation/packages/tests/unit-tests/angular-generator.test.ts" time="0.0010" failures="0">
    <testcase name="Angular generator Angular Component Default options Add import convertRulesToOptions, DefaultOptionsRule" time="0.0000" classname="Add import convertRulesToOptions, DefaultOptionsRule">
    </testcase>
    <testcase name="Angular generator Angular Component Default options Compile defaultOptions expression if defaultOptionRules expression is set" time="0.0000" classname="Compile defaultOptions expression if defaultOptionRules expression is set">
    </testcase>
    <testcase name="Angular generator Angular Component Default options Compile defaultOptions expression if defaultOptionRules expression is not set" time="0.0010" classname="Compile defaultOptions expression if defaultOptionRules expression is not set">
    </testcase>
  </testsuite>
  <testsuite name="Members generation" timestamp="2021-11-25T09:16:23" tests="18" file="/Users/vladislavvolkov/Documents/work/github/devextreme-renovation/packages/tests/unit-tests/angular-generator.test.ts" time="0.0040" failures="0">
    <testcase name="Angular generator Angular Component Members generation Access props - this.prop" time="0.0000" classname="Access props - this.prop">
    </testcase>
    <testcase name="Angular generator Angular Component Members generation Access TwoWay prop - this.prop" time="0.0000" classname="Access TwoWay prop - this.prop">
    </testcase>
    <testcase name="Angular generator Angular Component Members generation Access props - this.props.prop" time="0.0000" classname="Access props - this.props.prop">
    </testcase>
    <testcase name="Angular generator Angular Component Members generation Access props - viewModel.props.prop -&gt; newViewModel.prop" time="0.0000" classname="Access props - viewModel.props.prop -&gt; newViewModel.prop">
    </testcase>
    <testcase name="Angular generator Angular Component Members generation Access props - viewModel.props.prop" time="0.0000" classname="Access props - viewModel.props.prop">
    </testcase>
    <testcase name="Angular generator Angular Component Members generation Access props - viewModel.props.prop - prop" time="0.0000" classname="Access props - viewModel.props.prop - prop">
    </testcase>
    <testcase name="Angular generator Angular Component Members generation Access props - this.props without members" time="0.0010" classname="Access props - this.props without members">
    </testcase>
    <testcase name="Angular generator Angular Component Members generation Access props - this.props in bindingPattern statement" time="0.0000" classname="Access props - this.props in bindingPattern statement">
    </testcase>
    <testcase name="Angular generator Angular Component Members generation Access props - this.props with members" time="0.0010" classname="Access props - this.props with members">
    </testcase>
    <testcase name="Angular generator Angular Component Members generation Access props - const {p} = this.props" time="0.0000" classname="Access props - const {p} = this.props">
    </testcase>
    <testcase name="Angular generator Angular Component Members generation Access props - const {p} = (this.props as any)" time="0.0000" classname="Access props - const {p} = (this.props as any)">
    </testcase>
    <testcase name="Angular generator Angular Component Members generation Access TwoWay props - this.props.prop" time="0.0010" classname="Access TwoWay props - this.props.prop">
    </testcase>
    <testcase name="Angular generator Angular Component Members generation Call Event" time="0.0000" classname="Call Event">
    </testcase>
    <testcase name="Angular generator Angular Component Members generation Set TwoWay Prop" time="0.0000" classname="Set TwoWay Prop">
    </testcase>
    <testcase name="Angular generator Angular Component Members generation Can&apos;t set OneWay Prop" time="0.0010" classname="Can&apos;t set OneWay Prop">
    </testcase>
    <testcase name="Angular generator Angular Component Members generation Can&apos;t set OneWay Prop (using unary)" time="0.0000" classname="Can&apos;t set OneWay Prop (using unary)">
    </testcase>
    <testcase name="Angular generator Angular Component Members generation Access elementRef" time="0.0000" classname="Access elementRef">
    </testcase>
    <testcase name="Angular generator Angular Component Members generation Access ref object" time="0.0000" classname="Access ref object">
    </testcase>
  </testsuite>
  <testsuite name="Compile useEffect" timestamp="2021-11-25T09:16:23" tests="4" file="/Users/vladislavvolkov/Documents/work/github/devextreme-renovation/packages/tests/unit-tests/angular-generator.test.ts" time="0.0080" failures="0">
    <testcase name="Angular generator Angular Component Compile useEffect should generate schedule effect method and fill ngOnChanges if there is prop in dependency" time="0.0040" classname="should generate schedule effect method and fill ngOnChanges if there is prop in dependency">
    </testcase>
    <testcase name="Angular generator Angular Component Compile useEffect should generate schedule effect method and fill ngOnChanges all props in dependency" time="0.0010" classname="should generate schedule effect method and fill ngOnChanges all props in dependency">
    </testcase>
    <testcase name="Angular generator Angular Component Compile useEffect should generate schedule effect method if there is internal state in dependency" time="0.0020" classname="should generate schedule effect method if there is internal state in dependency">
    </testcase>
    <testcase name="Angular generator Angular Component Compile useEffect should not generate schedule effect method if there is not props in dependency" time="0.0010" classname="should not generate schedule effect method if there is not props in dependency">
    </testcase>
  </testsuite>
  <testsuite name="GetAccessor" timestamp="2021-11-25T09:16:23" tests="1" file="/Users/vladislavvolkov/Documents/work/github/devextreme-renovation/packages/tests/unit-tests/angular-generator.test.ts" time="0.0010" failures="0">
    <testcase name="Angular generator Angular Component GetAccessor add modifiers" time="0.0010" classname="add modifiers">
    </testcase>
  </testsuite>
  <testsuite name="Memorize GetAccessor with complexType" timestamp="2021-11-25T09:16:23" tests="8" file="/Users/vladislavvolkov/Documents/work/github/devextreme-renovation/packages/tests/unit-tests/angular-generator.test.ts" time="0.0020" failures="0">
    <testcase name="Angular generator Angular Component GetAccessor Memorize GetAccessor with complexType Memorize Array type" time="0.0010" classname="Memorize Array type">
    </testcase>
    <testcase name="Angular generator Angular Component GetAccessor Memorize GetAccessor with complexType Memorize createTypeLiteralNode with simple type" time="0.0000" classname="Memorize createTypeLiteralNode with simple type">
    </testcase>
    <testcase name="Angular generator Angular Component GetAccessor Memorize GetAccessor with complexType Memorize createTypeLiteralNode with complex type" time="0.0000" classname="Memorize createTypeLiteralNode with complex type">
    </testcase>
    <testcase name="Angular generator Angular Component GetAccessor Memorize GetAccessor with complexType Memorize object" time="0.0000" classname="Memorize object">
    </testcase>
    <testcase name="Angular generator Angular Component GetAccessor Memorize GetAccessor with complexType Do not memorize primitive type" time="0.0000" classname="Do not memorize primitive type">
    </testcase>
    <testcase name="Angular generator Angular Component GetAccessor Memorize GetAccessor with complexType Do not memorize union with primitive type" time="0.0000" classname="Do not memorize union with primitive type">
    </testcase>
    <testcase name="Angular generator Angular Component GetAccessor Memorize GetAccessor with complexType Memorize union with complex type" time="0.0000" classname="Memorize union with complex type">
    </testcase>
    <testcase name="Angular generator Angular Component GetAccessor Memorize GetAccessor with complexType Memorize object literal type" time="0.0010" classname="Memorize object literal type">
    </testcase>
  </testsuite>
  <testsuite name="GetAccessor cache" timestamp="2021-11-25T09:16:23" tests="6" file="/Users/vladislavvolkov/Documents/work/github/devextreme-renovation/packages/tests/unit-tests/angular-generator.test.ts" time="0.0020" failures="0">
    <testcase name="Angular generator Angular Component GetAccessor Memorize GetAccessor with complexType GetAccessor cache Do not generate if simple type" time="0.0000" classname="Do not generate if simple type">
    </testcase>
    <testcase name="Angular generator Angular Component GetAccessor Memorize GetAccessor with complexType GetAccessor cache Do not generate if has mutable dependency" time="0.0000" classname="Do not generate if has mutable dependency">
    </testcase>
    <testcase name="Angular generator Angular Component GetAccessor Memorize GetAccessor with complexType GetAccessor cache Create cache if component has getter with complex type" time="0.0000" classname="Create cache if component has getter with complex type">
    </testcase>
    <testcase name="Angular generator Angular Component GetAccessor Memorize GetAccessor with complexType GetAccessor cache Fill ngOnChanges if getter has prop dependency" time="0.0010" classname="Fill ngOnChanges if getter has prop dependency">
    </testcase>
    <testcase name="Angular generator Angular Component GetAccessor Memorize GetAccessor with complexType GetAccessor cache Reset cache on internal state setting" time="0.0010" classname="Reset cache on internal state setting">
    </testcase>
    <testcase name="Angular generator Angular Component GetAccessor Memorize GetAccessor with complexType GetAccessor cache Reset cache on ngChange if props in dependency" time="0.0000" classname="Reset cache on ngChange if props in dependency">
    </testcase>
  </testsuite>
  <testsuite name="Expressions" timestamp="2021-11-25T09:16:23" tests="5" file="/Users/vladislavvolkov/Documents/work/github/devextreme-renovation/packages/tests/unit-tests/angular-generator.test.ts" time="0.0000" failures="0">
    <testcase name="Angular generator Expressions Variable declaration" time="0.0000" classname="Variable declaration">
    </testcase>
    <testcase name="Angular generator Expressions createVariableStatement without initializer" time="0.0000" classname="createVariableStatement without initializer">
    </testcase>
    <testcase name="Angular generator Expressions AsExpression" time="0.0000" classname="AsExpression">
    </testcase>
    <testcase name="Angular generator Expressions createPropertyAccessChain" time="0.0000" classname="createPropertyAccessChain">
    </testcase>
    <testcase name="Angular generator Expressions empty jsx expression" time="0.0000" classname="empty jsx expression">
    </testcase>
  </testsuite>
  <testsuite name="NonNullExpression" timestamp="2021-11-25T09:16:23" tests="3" file="/Users/vladislavvolkov/Documents/work/github/devextreme-renovation/packages/tests/unit-tests/angular-generator.test.ts" time="0.0000" failures="0">
    <testcase name="Angular generator Expressions NonNullExpression NonNullExpression with this context - expression!" time="0.0000" classname="NonNullExpression with this context - expression!">
    </testcase>
    <testcase name="Angular generator Expressions NonNullExpression without options - expression!" time="0.0000" classname="without options - expression!">
    </testcase>
    <testcase name="Angular generator Expressions NonNullExpression with non-this context - expression" time="0.0000" classname="with non-this context - expression">
    </testcase>
  </testsuite>
  <testsuite name="Abstract method" timestamp="2021-11-25T09:16:23" tests="3" file="/Users/vladislavvolkov/Documents/work/github/devextreme-renovation/packages/tests/unit-tests/angular-generator.test.ts" time="0.0000" failures="0">
    <testcase name="Angular generator Expressions Abstract method abstract method with modifier and without body" time="0.0000" classname="abstract method with modifier and without body">
    </testcase>
    <testcase name="Angular generator Expressions Abstract method abstract method without modifier and without body" time="0.0000" classname="abstract method without modifier and without body">
    </testcase>
    <testcase name="Angular generator Expressions Abstract method abstract method with modifier and body" time="0.0000" classname="abstract method with modifier and body">
    </testcase>
  </testsuite>
  <testsuite name="base-generator: expressions" timestamp="2021-11-25T09:16:23" tests="0" file="/Users/vladislavvolkov/Documents/work/github/devextreme-renovation/packages/tests/unit-tests/base-generator.test.ts" time="0.0000" failures="0">
  </testsuite>
  <testsuite name="Base Expressions" timestamp="2021-11-25T09:16:23" tests="1" file="/Users/vladislavvolkov/Documents/work/github/devextreme-renovation/packages/tests/unit-tests/base-generator.test.ts" time="0.0000" failures="0">
    <testcase name="base-generator: expressions Base Expressions Expression" time="0.0000" classname="Expression">
    </testcase>
  </testsuite>
  <testsuite name="common expressions" timestamp="2021-11-25T09:16:23" tests="14" file="/Users/vladislavvolkov/Documents/work/github/devextreme-renovation/packages/tests/unit-tests/base-generator.test.ts" time="0.0020" failures="0">
    <testcase name="base-generator: expressions common expressions Identifier" time="0.0000" classname="Identifier">
    </testcase>
    <testcase name="base-generator: expressions common expressions Identifier. Get dependency from variable" time="0.0000" classname="Identifier. Get dependency from variable">
    </testcase>
    <testcase name="base-generator: expressions common expressions createVoid" time="0.0000" classname="createVoid">
    </testcase>
    <testcase name="base-generator: expressions common expressions createTypeOf" time="0.0000" classname="createTypeOf">
    </testcase>
    <testcase name="base-generator: expressions common expressions NonNullExpression" time="0.0000" classname="NonNullExpression">
    </testcase>
    <testcase name="base-generator: expressions common expressions createNew" time="0.0000" classname="createNew">
    </testcase>
    <testcase name="base-generator: expressions common expressions Call" time="0.0000" classname="Call">
    </testcase>
    <testcase name="base-generator: expressions common expressions Call with typeArguments" time="0.0000" classname="Call with typeArguments">
    </testcase>
    <testcase name="base-generator: expressions common expressions createCallChain" time="0.0000" classname="createCallChain">
    </testcase>
    <testcase name="base-generator: expressions common expressions createCallChain without question mark and parameters" time="0.0010" classname="createCallChain without question mark and parameters">
    </testcase>
    <testcase name="base-generator: expressions common expressions Paren" time="0.0000" classname="Paren">
    </testcase>
    <testcase name="base-generator: expressions common expressions createDelete" time="0.0000" classname="createDelete">
    </testcase>
    <testcase name="base-generator: expressions common expressions createAsExpression" time="0.0000" classname="createAsExpression">
    </testcase>
    <testcase name="base-generator: expressions common expressions Throw" time="0.0010" classname="Throw">
    </testcase>
  </testsuite>
  <testsuite name="TryCatch" timestamp="2021-11-25T09:16:23" tests="4" file="/Users/vladislavvolkov/Documents/work/github/devextreme-renovation/packages/tests/unit-tests/base-generator.test.ts" time="0.0010" failures="0">
    <testcase name="base-generator: expressions common expressions TryCatch createTry" time="0.0000" classname="createTry">
    </testcase>
    <testcase name="base-generator: expressions common expressions TryCatch createTry with catch" time="0.0010" classname="createTry with catch">
    </testcase>
    <testcase name="base-generator: expressions common expressions TryCatch createTry with catch without variable" time="0.0000" classname="createTry with catch without variable">
    </testcase>
    <testcase name="base-generator: expressions common expressions TryCatch createTry with finally" time="0.0000" classname="createTry with finally">
    </testcase>
  </testsuite>
  <testsuite name="literal expressions" timestamp="2021-11-25T09:16:23" tests="6" file="/Users/vladislavvolkov/Documents/work/github/devextreme-renovation/packages/tests/unit-tests/base-generator.test.ts" time="0.0000" failures="0">
    <testcase name="base-generator: expressions literal expressions createStringLiteral" time="0.0000" classname="createStringLiteral">
    </testcase>
    <testcase name="base-generator: expressions literal expressions createNumericLiteral" time="0.0000" classname="createNumericLiteral">
    </testcase>
    <testcase name="base-generator: expressions literal expressions ArrayLiteral" time="0.0000" classname="ArrayLiteral">
    </testcase>
    <testcase name="base-generator: expressions literal expressions createArrayTypeNode" time="0.0000" classname="createArrayTypeNode">
    </testcase>
    <testcase name="base-generator: expressions literal expressions createLiteralTypeNode" time="0.0000" classname="createLiteralTypeNode">
    </testcase>
    <testcase name="base-generator: expressions literal expressions createRegularExpressionLiteral" time="0.0000" classname="createRegularExpressionLiteral">
    </testcase>
  </testsuite>
  <testsuite name="ObjectLiteral" timestamp="2021-11-25T09:16:23" tests="3" file="/Users/vladislavvolkov/Documents/work/github/devextreme-renovation/packages/tests/unit-tests/base-generator.test.ts" time="0.0000" failures="0">
    <testcase name="base-generator: expressions literal expressions ObjectLiteral createObjectLiteral" time="0.0000" classname="createObjectLiteral">
    </testcase>
    <testcase name="base-generator: expressions literal expressions ObjectLiteral ObjectLiteral: Can remove property" time="0.0000" classname="ObjectLiteral: Can remove property">
    </testcase>
    <testcase name="base-generator: expressions literal expressions ObjectLiteral can use computed property" time="0.0000" classname="can use computed property">
    </testcase>
  </testsuite>
  <testsuite name="Operators" timestamp="2021-11-25T09:16:23" tests="4" file="/Users/vladislavvolkov/Documents/work/github/devextreme-renovation/packages/tests/unit-tests/base-generator.test.ts" time="0.0010" failures="0">
    <testcase name="base-generator: expressions Operators Binary" time="0.0000" classname="Binary">
    </testcase>
    <testcase name="base-generator: expressions Operators instanceof" time="0.0000" classname="instanceof">
    </testcase>
    <testcase name="base-generator: expressions Operators Prefix" time="0.0000" classname="Prefix">
    </testcase>
    <testcase name="base-generator: expressions Operators Postfix" time="0.0010" classname="Postfix">
    </testcase>
  </testsuite>
  <testsuite name="Type expressions" timestamp="2021-11-25T09:16:23" tests="20" file="/Users/vladislavvolkov/Documents/work/github/devextreme-renovation/packages/tests/unit-tests/base-generator.test.ts" time="0.0020" failures="0">
    <testcase name="base-generator: expressions Type expressions TypeQueryNode" time="0.0000" classname="TypeQueryNode">
    </testcase>
    <testcase name="base-generator: expressions Type expressions TypeReferenceNode" time="0.0000" classname="TypeReferenceNode">
    </testcase>
    <testcase name="base-generator: expressions Type expressions TypeReferenceNode with typeArguments" time="0.0000" classname="TypeReferenceNode with typeArguments">
    </testcase>
    <testcase name="base-generator: expressions Type expressions createTypeLiteralNode" time="0.0000" classname="createTypeLiteralNode">
    </testcase>
    <testcase name="base-generator: expressions Type expressions createTypeAliasDeclaration" time="0.0000" classname="createTypeAliasDeclaration">
    </testcase>
    <testcase name="base-generator: expressions Type expressions createTypeAliasDeclaration with TypeParameters" time="0.0000" classname="createTypeAliasDeclaration with TypeParameters">
    </testcase>
    <testcase name="base-generator: expressions Type expressions createTypeAliasDeclaration without modifiers" time="0.0000" classname="createTypeAliasDeclaration without modifiers">
    </testcase>
    <testcase name="base-generator: expressions Type expressions createIndexedAccessTypeNode" time="0.0000" classname="createIndexedAccessTypeNode">
    </testcase>
    <testcase name="base-generator: expressions Type expressions createIntersectionTypeNode" time="0.0000" classname="createIntersectionTypeNode">
    </testcase>
    <testcase name="base-generator: expressions Type expressions createOptionalTypeNode" time="0.0000" classname="createOptionalTypeNode">
    </testcase>
    <testcase name="base-generator: expressions Type expressions createUnionTypeNode" time="0.0000" classname="createUnionTypeNode">
    </testcase>
    <testcase name="base-generator: expressions Type expressions createTypeOperatorNode" time="0.0000" classname="createTypeOperatorNode">
    </testcase>
    <testcase name="base-generator: expressions Type expressions createParenthesizedType" time="0.0000" classname="createParenthesizedType">
    </testcase>
    <testcase name="base-generator: expressions Type expressions createIndexSignature" time="0.0000" classname="createIndexSignature">
    </testcase>
    <testcase name="base-generator: expressions Type expressions createQualifiedName" time="0.0010" classname="createQualifiedName">
    </testcase>
    <testcase name="base-generator: expressions Type expressions createMethodSignature" time="0.0000" classname="createMethodSignature">
    </testcase>
    <testcase name="base-generator: expressions Type expressions TypePredicateNodeWithModifier" time="0.0000" classname="TypePredicateNodeWithModifier">
    </testcase>
    <testcase name="base-generator: expressions Type expressions TupleTypeNode" time="0.0000" classname="TupleTypeNode">
    </testcase>
    <testcase name="base-generator: expressions Type expressions InferTypeNode" time="0.0000" classname="InferTypeNode">
    </testcase>
    <testcase name="base-generator: expressions Type expressions ConditionalTypeNode" time="0.0010" classname="ConditionalTypeNode">
    </testcase>
  </testsuite>
  <testsuite name="createPropertySignature" timestamp="2021-11-25T09:16:23" tests="6" file="/Users/vladislavvolkov/Documents/work/github/devextreme-renovation/packages/tests/unit-tests/base-generator.test.ts" time="0.0010" failures="0">
    <testcase name="base-generator: expressions Type expressions createPropertySignature Only name is defined" time="0.0000" classname="Only name is defined">
    </testcase>
    <testcase name="base-generator: expressions Type expressions createPropertySignature with type" time="0.0000" classname="with type">
    </testcase>
    <testcase name="base-generator: expressions Type expressions createPropertySignature with question token" time="0.0000" classname="with question token">
    </testcase>
    <testcase name="base-generator: expressions Type expressions createPropertySignature with initializer" time="0.0000" classname="with initializer">
    </testcase>
    <testcase name="base-generator: expressions Type expressions createPropertySignature ExpressionWithTypeArguments with type arguments" time="0.0010" classname="ExpressionWithTypeArguments with type arguments">
    </testcase>
    <testcase name="base-generator: expressions Type expressions createPropertySignature ExpressionWithTypeArguments without type arguments" time="0.0000" classname="ExpressionWithTypeArguments without type arguments">
    </testcase>
  </testsuite>
  <testsuite name="TypeParameterDeclaration" timestamp="2021-11-25T09:16:23" tests="3" file="/Users/vladislavvolkov/Documents/work/github/devextreme-renovation/packages/tests/unit-tests/base-generator.test.ts" time="0.0000" failures="0">
    <testcase name="base-generator: expressions Type expressions TypeParameterDeclaration only name is defined" time="0.0000" classname="only name is defined">
    </testcase>
    <testcase name="base-generator: expressions Type expressions TypeParameterDeclaration with constraint" time="0.0000" classname="with constraint">
    </testcase>
    <testcase name="base-generator: expressions Type expressions TypeParameterDeclaration with default" time="0.0000" classname="with default">
    </testcase>
  </testsuite>
  <testsuite name="getImports" timestamp="2021-11-25T09:16:23" tests="14" file="/Users/vladislavvolkov/Documents/work/github/devextreme-renovation/packages/tests/unit-tests/base-generator.test.ts" time="0.0010" failures="0">
    <testcase name="base-generator: expressions Type expressions getImports TypeReferenceNode should return import if it is created in other module" time="0.0000" classname="TypeReferenceNode should return import if it is created in other module">
    </testcase>
    <testcase name="base-generator: expressions Type expressions getImports TypeReferenceNode on interface should return import if it is created in other module" time="0.0000" classname="TypeReferenceNode on interface should return import if it is created in other module">
    </testcase>
    <testcase name="base-generator: expressions Type expressions getImports TypeReferenceNode should not return import if it is created in this module" time="0.0000" classname="TypeReferenceNode should not return import if it is created in this module">
    </testcase>
[...]
    </testcase>
  </testsuite>
  <testsuite name="Component Input" timestamp="2021-11-25T09:16:28" tests="2" file="/Users/vladislavvolkov/Documents/work/github/devextreme-renovation/packages/tests/unit-tests/vue-generator.test.ts" time="0.0010" failures="0">
    <testcase name="Vue-generator Component Input Component Binding should be an object" time="0.0000" classname="Component Binding should be an object">
    </testcase>
    <testcase name="Vue-generator Component Input ComponentBindings with heritage clauses" time="0.0010" classname="ComponentBindings with heritage clauses">
    </testcase>
  </testsuite>
  <testsuite name="Component" timestamp="2021-11-25T09:16:28" tests="0" file="/Users/vladislavvolkov/Documents/work/github/devextreme-renovation/packages/tests/unit-tests/vue-generator.test.ts" time="0.0000" failures="0">
  </testsuite>
  <testsuite name="Compile Effects" timestamp="2021-11-25T09:16:28" tests="4" file="/Users/vladislavvolkov/Documents/work/github/devextreme-renovation/packages/tests/unit-tests/vue-generator.test.ts" time="0.0020" failures="0">
    <testcase name="Vue-generator Component Compile Effects should add watch for properties in dependency" time="0.0000" classname="should add watch for properties in dependency">
    </testcase>
    <testcase name="Vue-generator Component Compile Effects should watch all props if props in dependency" time="0.0000" classname="should watch all props if props in dependency">
    </testcase>
    <testcase name="Vue-generator Component Compile Effects should not generate watch if there is not any dependency" time="0.0010" classname="should not generate watch if there is not any dependency">
    </testcase>
    <testcase name="Vue-generator Component Compile Effects two effect have same dependency" time="0.0010" classname="two effect have same dependency">
    </testcase>
  </testsuite>
  <testsuite name="template" timestamp="2021-11-25T09:16:28" tests="1" file="/Users/vladislavvolkov/Documents/work/github/devextreme-renovation/packages/tests/unit-tests/vue-generator.test.ts" time="0.0010" failures="0">
    <testcase name="Vue-generator Component template pass isSvg to template options" time="0.0010" classname="pass isSvg to template options">
    </testcase>
  </testsuite>
  <testsuite name="Template Generation" timestamp="2021-11-25T09:16:28" tests="0" file="/Users/vladislavvolkov/Documents/work/github/devextreme-renovation/packages/tests/unit-tests/vue-generator.test.ts" time="0.0000" failures="0">
  </testsuite>
  <testsuite name="Elements" timestamp="2021-11-25T09:16:28" tests="7" file="/Users/vladislavvolkov/Documents/work/github/devextreme-renovation/packages/tests/unit-tests/vue-generator.test.ts" time="0.0000" failures="0">
    <testcase name="Vue-generator Template Generation Elements Self-closing element" time="0.0000" classname="Self-closing element">
    </testcase>
    <testcase name="Vue-generator Template Generation Elements element" time="0.0000" classname="element">
    </testcase>
    <testcase name="Vue-generator Template Generation Elements Element with two children: should not be any whitespace symbols between elements" time="0.0000" classname="Element with two children: should not be any whitespace symbols between elements">
    </testcase>
    <testcase name="Vue-generator Template Generation Elements element with attributes" time="0.0000" classname="element with attributes">
    </testcase>
    <testcase name="Vue-generator Template Generation Elements JsxAttribute without initializer" time="0.0000" classname="JsxAttribute without initializer">
    </testcase>
    <testcase name="Vue-generator Template Generation Elements JsxSpreadAttribute replace &quot; -&gt; &apos;" time="0.0000" classname="JsxSpreadAttribute replace &quot; -&gt; &apos;">
    </testcase>
    <testcase name="Vue-generator Template Generation Elements render element from variable" time="0.0000" classname="render element from variable">
    </testcase>
  </testsuite>
  <testsuite name="Attributes" timestamp="2021-11-25T09:16:28" tests="7" file="/Users/vladislavvolkov/Documents/work/github/devextreme-renovation/packages/tests/unit-tests/vue-generator.test.ts" time="0.0000" failures="0">
    <testcase name="Vue-generator Template Generation Elements Attributes title attribute" time="0.0000" classname="title attribute">
    </testcase>
    <testcase name="Vue-generator Template Generation Elements Attributes style -&gt; v-bind:style" time="0.0000" classname="style -&gt; v-bind:style">
    </testcase>
    <testcase name="Vue-generator Template Generation Elements Attributes className -&gt; v-bind:class" time="0.0000" classname="className -&gt; v-bind:class">
    </testcase>
    <testcase name="Vue-generator Template Generation Elements Attributes className -&gt; class" time="0.0000" classname="className -&gt; class">
    </testcase>
    <testcase name="Vue-generator Template Generation Elements Attributes Parse style with options should fill hasClass" time="0.0000" classname="Parse style with options should fill hasClass">
    </testcase>
    <testcase name="Vue-generator Template Generation Elements Attributes camelCase-&gt;camel-case for kebab attributes" time="0.0000" classname="camelCase-&gt;camel-case for kebab attributes">
    </testcase>
    <testcase name="Vue-generator Template Generation Elements Attributes camelCase-&gt;camelCase for not-kebab-case attribute" time="0.0000" classname="camelCase-&gt;camelCase for not-kebab-case attribute">
    </testcase>
  </testsuite>
  <testsuite name="Fragment" timestamp="2021-11-25T09:16:28" tests="2" file="/Users/vladislavvolkov/Documents/work/github/devextreme-renovation/packages/tests/unit-tests/vue-generator.test.ts" time="0.0000" failures="0">
    <testcase name="Vue-generator Template Generation Elements Fragment Fragment -&gt; div" time="0.0000" classname="Fragment -&gt; div">
    </testcase>
    <testcase name="Vue-generator Template Generation Elements Fragment svg: Fragment -&gt; g" time="0.0000" classname="svg: Fragment -&gt; g">
    </testcase>
  </testsuite>
  <testsuite name="Conditional Rendering" timestamp="2021-11-25T09:16:28" tests="6" file="/Users/vladislavvolkov/Documents/work/github/devextreme-renovation/packages/tests/unit-tests/vue-generator.test.ts" time="0.0010" failures="0">
    <testcase name="Vue-generator Template Generation Conditional Rendering notJsxExpr &amp;&amp; &lt;element&gt;&lt;/element&gt; -&gt; &lt;element v-if=&apos;notJsxExpr&apos;&gt;&lt;/element&gt;" time="0.0000" classname="notJsxExpr &amp;&amp; &lt;element&gt;&lt;/element&gt; -&gt; &lt;element v-if=&apos;notJsxExpr&apos;&gt;&lt;/element&gt;">
    </testcase>
    <testcase name="Vue-generator Template Generation Conditional Rendering notJsxExpr &amp;&amp; &lt;element/&gt; -&gt; &lt;element v-if=&apos;notJsxExpr&apos;&gt;" time="0.0000" classname="notJsxExpr &amp;&amp; &lt;element/&gt; -&gt; &lt;element v-if=&apos;notJsxExpr&apos;&gt;">
    </testcase>
    <testcase name="Vue-generator Template Generation Conditional Rendering condition?then:else - &lt;div v-if=&apos;condition&apos;&gt; &lt;div v-else&gt;" time="0.0000" classname="condition?then:else - &lt;div v-if=&apos;condition&apos;&gt; &lt;div v-else&gt;">
    </testcase>
    <testcase name="Vue-generator Template Generation Conditional Rendering non jsx conditional - condition?then:else - {{then}} {{else}}&apos;" time="0.0000" classname="non jsx conditional - condition?then:else - {{then}} {{else}}&apos;">
    </testcase>
    <testcase name="Vue-generator Template Generation Conditional Rendering condition?&lt;element&gt;:expr - &lt;element&gt;&lt;template&gt;{expr}&lt;/template&gt;&apos;" time="0.0010" classname="condition?&lt;element&gt;:expr - &lt;element&gt;&lt;template&gt;{expr}&lt;/template&gt;&apos;">
    </testcase>
    <testcase name="Vue-generator Template Generation Conditional Rendering Condition with identifer that point to element" time="0.0000" classname="Condition with identifer that point to element">
    </testcase>
  </testsuite>
  <testsuite name="Slots with conditional rendering" timestamp="2021-11-25T09:16:28" tests="2" file="/Users/vladislavvolkov/Documents/work/github/devextreme-renovation/packages/tests/unit-tests/vue-generator.test.ts" time="0.0010" failures="0">
    <testcase name="Vue-generator Template Generation Conditional Rendering Slots with conditional rendering slot? slot: alternative content" time="0.0010" classname="slot? slot: alternative content">
    </testcase>
    <testcase name="Vue-generator Template Generation Conditional Rendering Slots with conditional rendering render slot if template is not exist" time="0.0000" classname="render slot if template is not exist">
    </testcase>
  </testsuite>
  <testsuite name="Parse Map function" timestamp="2021-11-25T09:16:28" tests="7" file="/Users/vladislavvolkov/Documents/work/github/devextreme-renovation/packages/tests/unit-tests/vue-generator.test.ts" time="0.0010" failures="0">
    <testcase name="Vue-generator Template Generation Parse Map function .map((item)=&gt;&lt;div&gt;) -&gt; v-for" time="0.0010" classname=".map((item)=&gt;&lt;div&gt;) -&gt; v-for">
    </testcase>
    <testcase name="Vue-generator Template Generation Parse Map function .map((item)=&gt;item) -&gt; *ngFor" time="0.0000" classname=".map((item)=&gt;item) -&gt; *ngFor">
    </testcase>
    <testcase name="Vue-generator Template Generation Parse Map function .map((item)=&gt;{}) -&gt; empty string" time="0.0000" classname=".map((item)=&gt;{}) -&gt; empty string">
    </testcase>
    <testcase name="Vue-generator Template Generation Parse Map function .map((item, index)=&gt;&lt;div&gt;) -&gt; v-for=&apos;(item, index) of items&apos;" time="0.0000" classname=".map((item, index)=&gt;&lt;div&gt;) -&gt; v-for=&apos;(item, index) of items&apos;">
    </testcase>
    <testcase name="Vue-generator Template Generation Parse Map function map with key attribute" time="0.0000" classname="map with key attribute">
    </testcase>
    <testcase name="Vue-generator Template Generation Parse Map function map inside an other map" time="0.0000" classname="map inside an other map">
    </testcase>
    <testcase name="Vue-generator Template Generation Parse Map function Parse map with destruction" time="0.0000" classname="Parse map with destruction">
    </testcase>
  </testsuite>
  <testsuite name="Template" timestamp="2021-11-25T09:16:28" tests="5" file="/Users/vladislavvolkov/Documents/work/github/devextreme-renovation/packages/tests/unit-tests/vue-generator.test.ts" time="0.0000" failures="0">
    <testcase name="Vue-generator Template Generation Template &lt;template/&gt; -&gt; &lt;slot&gt;&lt;/slot&gt;" time="0.0000" classname="&lt;template/&gt; -&gt; &lt;slot&gt;&lt;/slot&gt;">
    </testcase>
    <testcase name="Vue-generator Template Generation Template Template with parameters" time="0.0000" classname="Template with parameters">
    </testcase>
    <testcase name="Vue-generator Template Generation Template &lt;template&gt;&lt;/template&gt; -&gt; &lt;slot&gt;&lt;/slot&gt;" time="0.0000" classname="&lt;template&gt;&lt;/template&gt; -&gt; &lt;slot&gt;&lt;/slot&gt;">
    </testcase>
    <testcase name="Vue-generator Template Generation Template Template with spread attribute" time="0.0000" classname="Template with spread attribute">
    </testcase>
    <testcase name="Vue-generator Template Generation Template Template with condition" time="0.0000" classname="Template with condition">
    </testcase>
  </testsuite>
  <testsuite name="Slot" timestamp="2021-11-25T09:16:28" tests="2" file="/Users/vladislavvolkov/Documents/work/github/devextreme-renovation/packages/tests/unit-tests/vue-generator.test.ts" time="0.0000" failures="0">
    <testcase name="Vue-generator Template Generation Slot children slot is default" time="0.0000" classname="children slot is default">
    </testcase>
    <testcase name="Vue-generator Template Generation Slot named slot" time="0.0000" classname="named slot">
    </testcase>
  </testsuite>
  <testsuite name="Dynamic Components" timestamp="2021-11-25T09:16:28" tests="9" file="/Users/vladislavvolkov/Documents/work/github/devextreme-renovation/packages/tests/unit-tests/vue-generator.test.ts" time="0.0020" failures="0">
    <testcase name="Vue-generator Template Generation Dynamic Components &lt;DynamicComponent/&gt; -&gt; &lt;component/&gt;" time="0.0000" classname="&lt;DynamicComponent/&gt; -&gt; &lt;component/&gt;">
    </testcase>
    <testcase name="Vue-generator Template Generation Dynamic Components &lt;DynamicComponent&gt;&lt;/DynamicComponent&gt; -&gt; &lt;component&gt;&lt;/component&gt;" time="0.0000" classname="&lt;DynamicComponent&gt;&lt;/DynamicComponent&gt; -&gt; &lt;component&gt;&lt;/component&gt;">
    </testcase>
    <testcase name="Vue-generator Template Generation Dynamic Components &lt;DynamicComponent&gt;&lt;/DynamicComponent&gt; -&gt; &lt;component&gt;&lt;/component&gt;" time="0.0000" classname="&lt;DynamicComponent&gt;&lt;/DynamicComponent&gt; -&gt; &lt;component&gt;&lt;/component&gt;">
    </testcase>
    <testcase name="Vue-generator Template Generation Dynamic Components &lt;DynamicComponent&gt;&lt;span/&gt;&lt;/DynamicComponent&gt; -&gt; &lt;component&gt;&lt;/component&gt;" time="0.0000" classname="&lt;DynamicComponent&gt;&lt;span/&gt;&lt;/DynamicComponent&gt; -&gt; &lt;component&gt;&lt;/component&gt;">
    </testcase>
    <testcase name="Vue-generator Template Generation Dynamic Components &lt;DynamicComponent prop={value}&gt;&lt;/DynamicComponent&gt; -&gt; &lt;component :props=&apos;value&apos;&gt;&lt;/component&gt;" time="0.0010" classname="&lt;DynamicComponent prop={value}&gt;&lt;/DynamicComponent&gt; -&gt; &lt;component :props=&apos;value&apos;&gt;&lt;/component&gt;">
    </testcase>
    <testcase name="Vue-generator Template Generation Dynamic Components &lt;DynamicComponent template={()=&gt;&lt;div/&gt;}&gt;&lt;/DynamicComponent&gt; -&gt; &lt;component&gt;&lt;template&gt;&lt;/component&gt;" time="0.0010" classname="&lt;DynamicComponent template={()=&gt;&lt;div/&gt;}&gt;&lt;/DynamicComponent&gt; -&gt; &lt;component&gt;&lt;template&gt;&lt;/component&gt;">
    </testcase>
    <testcase name="Vue-generator Template Generation Dynamic Components &lt;DynamicComponent template={()=&gt;&lt;div/&gt;}/&gt; -&gt; &lt;component&gt;&lt;template&gt;&lt;/component&gt;" time="0.0000" classname="&lt;DynamicComponent template={()=&gt;&lt;div/&gt;}/&gt; -&gt; &lt;component&gt;&lt;template&gt;&lt;/component&gt;">
    </testcase>
    <testcase name="Vue-generator Template Generation Dynamic Components condition &amp;&amp; &lt;DynamicComponent /&gt; -&gt; &lt;component v-if=&apos;condition&apos;&gt;" time="0.0000" classname="condition &amp;&amp; &lt;DynamicComponent /&gt; -&gt; &lt;component v-if=&apos;condition&apos;&gt;">
    </testcase>
    <testcase name="Vue-generator Template Generation Dynamic Components map &lt;DynamicComponent /&gt;" time="0.0000" classname="map &lt;DynamicComponent /&gt;">
    </testcase>
  </testsuite>
  <testsuite name="Import widget." timestamp="2021-11-25T09:16:28" tests="4" file="/Users/vladislavvolkov/Documents/work/github/devextreme-renovation/packages/tests/unit-tests/vue-generator.test.ts" time="0.0000" failures="0">
    <testcase name="Vue-generator Template Generation Import widget. &lt;DxWidget&gt;&lt;/DxWidget&gt; -&gt; &lt;dx-widget&gt;&lt;/dx-widget&gt;" time="0.0000" classname="&lt;DxWidget&gt;&lt;/DxWidget&gt; -&gt; &lt;dx-widget&gt;&lt;/dx-widget&gt;">
    </testcase>
    <testcase name="Vue-generator Template Generation Import widget. &lt;DxWidget/&gt; -&gt; &lt;dx-widget/&gt;" time="0.0000" classname="&lt;DxWidget/&gt; -&gt; &lt;dx-widget/&gt;">
    </testcase>
    <testcase name="Vue-generator Template Generation Import widget. Process eventChange - @event-change" time="0.0000" classname="Process eventChange - @event-change">
    </testcase>
    <testcase name="Vue-generator Template Generation Import widget. Process statePropChange - @update:state-prop if stateProp is TwoWay prop" time="0.0000" classname="Process statePropChange - @update:state-prop if stateProp is TwoWay prop">
    </testcase>
  </testsuite>
  <testsuite name="Pass slots via attribute" timestamp="2021-11-25T09:16:28" tests="4" file="/Users/vladislavvolkov/Documents/work/github/devextreme-renovation/packages/tests/unit-tests/vue-generator.test.ts" time="0.0020" failures="0">
    <testcase name="Vue-generator Template Generation Import widget. Pass slots via attribute Self-closing element" time="0.0010" classname="Self-closing element">
    </testcase>
    <testcase name="Vue-generator Template Generation Import widget. Pass slots via attribute Self-closing element with two slots" time="0.0000" classname="Self-closing element with two slots">
    </testcase>
    <testcase name="Vue-generator Template Generation Import widget. Pass slots via attribute spread props with slot" time="0.0000" classname="spread props with slot">
    </testcase>
    <testcase name="Vue-generator Template Generation Import widget. Pass slots via attribute element with closing tag" time="0.0010" classname="element with closing tag">
    </testcase>
  </testsuite>
  <testsuite name="Pass Widget to template property" timestamp="2021-11-25T09:16:28" tests="2" file="/Users/vladislavvolkov/Documents/work/github/devextreme-renovation/packages/tests/unit-tests/vue-generator.test.ts" time="0.0000" failures="0">
    <testcase name="Vue-generator Template Generation Import widget. Pass Widget to template property Pass widget into template. self-closing element" time="0.0000" classname="Pass widget into template. self-closing element">
    </testcase>
    <testcase name="Vue-generator Template Generation Import widget. Pass Widget to template property Pass widget into template. Element" time="0.0000" classname="Pass widget into template. Element">
    </testcase>
  </testsuite>
  <testsuite name="webpack-loader" timestamp="2021-11-25T09:16:28" tests="0" file="/Users/vladislavvolkov/Documents/work/github/devextreme-renovation/packages/tests/unit-tests/webpack-loader.test.ts" time="0.0000" failures="0">
  </testsuite>
  <testsuite name="platforms" timestamp="2021-11-25T09:16:28" tests="6" file="/Users/vladislavvolkov/Documents/work/github/devextreme-renovation/packages/tests/unit-tests/webpack-loader.test.ts" time="1.4720" failures="0">
    <testcase name="webpack-loader platforms unknown platform - throw exception" time="0.5930" classname="unknown platform - throw exception">
    </testcase>
    <testcase name="webpack-loader platforms preact" time="0.1840" classname="preact">
    </testcase>
    <testcase name="webpack-loader platforms react" time="0.1700" classname="react">
    </testcase>
    <testcase name="webpack-loader platforms angular" time="0.1690" classname="angular">
    </testcase>
    <testcase name="webpack-loader platforms vue" time="0.1840" classname="vue">
    </testcase>
    <testcase name="webpack-loader platforms inferno" time="0.1720" classname="inferno">
    </testcase>
  </testsuite>
  <testsuite name="with ts-compilation" timestamp="2021-11-25T09:16:29" tests="4" file="/Users/vladislavvolkov/Documents/work/github/devextreme-renovation/packages/tests/unit-tests/webpack-loader.test.ts" time="0.7220" failures="0">
    <testcase name="webpack-loader with ts-compilation can set tsconfig" time="0.1740" classname="can set tsconfig">
    </testcase>
    <testcase name="webpack-loader with ts-compilation ignore ts errors" time="0.1690" classname="ignore ts errors">
    </testcase>
    <testcase name="webpack-loader with ts-compilation tsconfig error - use default" time="0.2090" classname="tsconfig error - use default">
    </testcase>
    <testcase name="webpack-loader with ts-compilation tsconfig with extend - merge compiler options" time="0.1700" classname="tsconfig with extend - merge compiler options">
    </testcase>
  </testsuite>
</testsuites>